865961
865961
481532
798825
942448
300125
14972
505937
640767
638156
852534
622289
437796
942448
658155
771137
638156
942448
678265
798825
798825
437785
194015
677475
638156
368133
320948
865961
437785
320948
942448
638156
622289
437796
368133
368133
368133
661078
368133
194015
865961
706368
466691
942448
505937
245603
638156
622289
437796
356586
437796
617967
640767
466691
698391
865961
558404
505937
942448
865961
368133
invalid request!
638156
640767
558404
640767
356586
638156
865961
368133
698391
563153
368133
638156
908400
437796
788599
invalid request!
437785
534288
139516
639388
368133
698391
942448
368133
518361
638156
865961
881459
invalid request!
386742
942448
591538
466691
698391
194015
865961
942448
481532
