1 1 17
2 33 18
3 32 19
4 31 20
5 30 21
6 29 22
7 28 23
8 27 24
9 26 25
10 25 26
11 24 27
12 23 28
13 22 29
14 21 30
15 20 31
16 19 32
17 18 33
18 17 1
19 16 2
20 15 3
21 14 4
22 13 5
23 12 6
24 11 7
25 10 8
26 9 9
27 8 10
28 7 11
29 6 12
30 5 13
31 4 14
32 3 15
33 2 16
34 3 16
35 2 17
36 1 18
37 33 19
38 32 20
39 31 21
40 30 22
41 29 23
42 28 24
43 27 25
44 26 26
45 25 27
46 24 28
47 23 29
48 22 30
49 21 31
50 20 32
51 19 33
52 18 1
53 17 2
54 16 3
55 15 4
56 14 5
57 13 6
58 12 7
59 11 8
60 10 9
61 9 10
62 8 11
63 7 12
64 6 13
65 5 14
66 4 15
67 5 15
68 4 16
69 3 17
70 2 18
71 1 19
72 33 20
73 32 21
74 31 22
75 30 23
76 29 24
77 28 25
78 27 26
79 26 27
80 25 28
81 24 29
82 23 30
83 22 31
84 21 32
85 20 33
86 19 1
87 18 2
88 17 3
89 16 4
90 15 5
91 14 6
92 13 7
93 12 8
94 11 9
95 10 10
96 9 11
97 8 12
98 7 13
99 6 14
100 7 14
101 6 15
102 5 16
103 4 17
104 3 18
105 2 19
106 1 20
107 33 21
108 32 22
109 31 23
110 30 24
111 29 25
112 28 26
113 27 27
114 26 28
115 25 29
116 24 30
117 23 31
118 22 32
119 21 33
120 20 1
121 19 2
122 18 3
123 17 4
124 16 5
125 15 6
126 14 7
127 13 8
128 12 9
129 11 10
130 10 11
131 9 12
132 8 13
133 9 13
134 8 14
135 7 15
136 6 16
137 5 17
138 4 18
139 3 19
140 2 20
141 1 21
142 33 22
143 32 23
144 31 24
145 30 25
146 29 26
147 28 27
148 27 28
149 26 29
150 25 30
151 24 31
152 23 32
153 22 33
154 21 1
155 20 2
156 19 3
157 18 4
158 17 5
159 16 6
160 15 7
161 14 8
162 13 9
163 12 10
164 11 11
165 10 12
166 11 12
167 10 13
168 9 14
169 8 15
170 7 16
171 6 17
172 5 18
173 4 19
174 3 20
175 2 21
176 1 22
177 33 23
178 32 24
179 31 25
180 30 26
181 29 27
182 28 28
183 27 29
184 26 30
185 25 31
186 24 32
187 23 33
188 22 1
189 21 2
190 20 3
191 19 4
192 18 5
193 17 6
194 16 7
195 15 8
196 14 9
197 13 10
198 12 11
199 13 11
200 12 12
201 11 13
202 10 14
203 9 15
204 8 16
205 7 17
206 6 18
207 5 19
208 4 20
209 3 21
210 2 22
211 1 23
212 33 24
213 32 25
214 31 26
215 30 27
216 29 28
217 28 29
218 27 30
219 26 31
220 25 32
221 24 33
222 23 1
223 22 2
224 21 3
225 20 4
226 19 5
227 18 6
228 17 7
229 16 8
230 15 9
231 14 10
232 15 10
233 14 11
234 13 12
235 12 13
236 11 14
237 10 15
238 9 16
239 8 17
240 7 18
241 6 19
242 5 20
243 4 21
244 3 22
245 2 23
246 1 24
247 33 25
248 32 26
249 31 27
250 30 28
251 29 29
252 28 30
253 27 31
254 26 32
255 25 33
256 24 1
257 23 2
258 22 3
259 21 4
260 20 5
261 19 6
262 18 7
263 17 8
264 16 9
265 17 9
266 16 10
267 15 11
268 14 12
269 13 13
270 12 14
271 11 15
272 10 16
273 9 17
274 8 18
275 7 19
276 6 20
277 5 21
278 4 22
279 3 23
280 2 24
281 1 25
282 33 26
283 32 27
284 31 28
285 30 29
286 29 30
287 28 31
288 27 32
289 26 33
290 25 1
291 24 2
292 23 3
293 22 4
294 21 5
295 20 6
296 19 7
297 18 8
298 19 8
299 18 9
300 17 10
301 16 11
302 15 12
303 14 13
304 13 14
305 12 15
306 11 16
307 10 17
308 9 18
309 8 19
310 7 20
311 6 21
312 5 22
313 4 23
314 3 24
315 2 25
316 1 26
317 33 27
318 32 28
319 31 29
320 30 30
321 29 31
322 28 32
323 27 33
324 26 1
325 25 2
326 24 3
327 23 4
328 22 5
329 21 6
330 20 7
331 21 7
332 20 8
333 19 9
334 18 10
335 17 11
336 16 12
337 15 13
338 14 14
339 13 15
340 12 16
341 11 17
342 10 18
343 9 19
344 8 20
345 7 21
346 6 22
347 5 23
348 4 24
349 3 25
350 2 26
351 1 27
352 33 28
353 32 29
354 31 30
355 30 31
356 29 32
357 28 33
358 27 1
359 26 2
360 25 3
361 24 4
362 23 5
363 22 6
364 23 6
365 22 7
366 21 8
367 20 9
368 19 10
369 18 11
370 17 12
371 16 13
372 15 14
373 14 15
374 13 16
375 12 17
376 11 18
377 10 19
378 9 20
379 8 21
380 7 22
381 6 23
382 5 24
383 4 25
384 3 26
385 2 27
386 1 28
387 33 29
388 32 30
389 31 31
390 30 32
391 29 33
392 28 1
393 27 2
394 26 3
395 25 4
396 24 5
397 25 5
398 24 6
399 23 7
400 22 8
401 21 9
402 20 10
403 19 11
404 18 12
405 17 13
406 16 14
407 15 15
408 14 16
409 13 17
410 12 18
411 11 19
412 10 20
413 9 21
414 8 22
415 7 23
416 6 24
417 5 25
418 4 26
419 3 27
420 2 28
421 1 29
422 33 30
423 32 31
424 31 32
425 30 33
426 29 1
427 28 2
428 27 3
429 26 4
430 27 4
431 26 5
432 25 6
433 24 7
434 23 8
435 22 9
436 21 10
437 20 11
438 19 12
439 18 13
440 17 14
441 16 15
442 15 16
443 14 17
444 13 18
445 12 19
446 11 20
447 10 21
448 9 22
449 8 23
450 7 24
451 6 25
452 5 26
453 4 27
454 3 28
455 2 29
456 1 30
457 33 31
458 32 32
459 31 33
460 30 1
461 29 2
462 28 3
463 29 3
464 28 4
465 27 5
466 26 6
467 25 7
468 24 8
469 23 9
470 22 10
471 21 11
472 20 12
473 19 13
474 18 14
475 17 15
476 16 16
477 15 17
478 14 18
479 13 19
480 12 20
481 11 21
482 10 22
483 9 23
484 8 24
485 7 25
486 6 26
487 5 27
488 4 28
489 3 29
490 2 30
491 1 31
492 33 32
493 32 33
494 31 1
495 30 2
496 31 2
497 30 3
498 29 4
499 28 5
500 27 6
501 26 7
502 25 8
503 24 9
504 23 10
505 22 11
506 21 12
507 20 13
508 19 14
509 18 15
510 17 16
511 16 17
512 15 18
513 14 19
514 13 20
515 12 21
516 11 22
517 10 23
518 9 24
519 8 25
520 7 26
521 6 27
522 5 28
523 4 29
524 3 30
525 2 31
526 1 32
527 33 33
528 32 1
529 33 1
530 32 2
531 31 3
532 30 4
533 29 5
534 28 6
535 27 7
536 26 8
537 25 9
538 24 10
539 23 11
540 22 12
541 21 13
542 20 14
543 19 15
544 18 16
545 17 17
546 16 18
547 15 19
548 14 20
549 13 21
550 12 22
551 11 23
552 10 24
553 9 25
554 8 26
555 7 27
556 6 28
557 5 29
558 4 30
559 3 31
560 2 32
561 1 33
562 2 33
563 1 1
564 33 2
565 32 3
566 31 4
567 30 5
568 29 6
569 28 7
570 27 8
571 26 9
572 25 10
573 24 11
574 23 12
575 22 13
576 21 14
577 20 15
578 19 16
579 18 17
580 17 18
581 16 19
582 15 20
583 14 21
584 13 22
585 12 23
586 11 24
587 10 25
588 9 26
589 8 27
590 7 28
591 6 29
592 5 30
593 4 31
594 3 32
595 4 32
596 3 33
597 2 1
598 1 2
599 33 3
600 32 4
601 31 5
602 30 6
603 29 7
604 28 8
605 27 9
606 26 10
607 25 11
608 24 12
609 23 13
610 22 14
611 21 15
612 20 16
613 19 17
614 18 18
615 17 19
616 16 20
617 15 21
618 14 22
619 13 23
620 12 24
621 11 25
622 10 26
623 9 27
624 8 28
625 7 29
626 6 30
627 5 31
628 6 31
629 5 32
630 4 33
631 3 1
632 2 2
633 1 3
634 33 4
635 32 5
636 31 6
637 30 7
638 29 8
639 28 9
640 27 10
641 26 11
642 25 12
643 24 13
644 23 14
645 22 15
646 21 16
647 20 17
648 19 18
649 18 19
650 17 20
651 16 21
652 15 22
653 14 23
654 13 24
655 12 25
656 11 26
657 10 27
658 9 28
659 8 29
660 7 30
661 8 30
662 7 31
663 6 32
664 5 33
665 4 1
666 3 2
667 2 3
668 1 4
669 33 5
670 32 6
671 31 7
672 30 8
673 29 9
674 28 10
675 27 11
676 26 12
677 25 13
678 24 14
679 23 15
680 22 16
681 21 17
682 20 18
683 19 19
684 18 20
685 17 21
686 16 22
687 15 23
688 14 24
689 13 25
690 12 26
691 11 27
692 10 28
693 9 29
694 10 29
695 9 30
696 8 31
697 7 32
698 6 33
699 5 1
700 4 2
701 3 3
702 2 4
703 1 5
704 33 6
705 32 7
706 31 8
707 30 9
708 29 10
709 28 11
710 27 12
711 26 13
712 25 14
713 24 15
714 23 16
715 22 17
716 21 18
717 20 19
718 19 20
719 18 21
720 17 22
721 16 23
722 15 24
723 14 25
724 13 26
725 12 27
726 11 28
727 12 28
728 11 29
729 10 30
730 9 31
731 8 32
732 7 33
733 6 1
734 5 2
735 4 3
736 3 4
737 2 5
738 1 6
739 33 7
740 32 8
741 31 9
742 30 10
743 29 11
744 28 12
745 27 13
746 26 14
747 25 15
748 24 16
749 23 17
750 22 18
751 21 19
752 20 20
753 19 21
754 18 22
755 17 23
756 16 24
757 15 25
758 14 26
759 13 27
760 14 27
761 13 28
762 12 29
763 11 30
764 10 31
765 9 32
766 8 33
767 7 1
768 6 2
769 5 3
770 4 4
771 3 5
772 2 6
773 1 7
774 33 8
775 32 9
776 31 10
777 30 11
778 29 12
779 28 13
780 27 14
781 26 15
782 25 16
783 24 17
784 23 18
785 22 19
786 21 20
787 20 21
788 19 22
789 18 23
790 17 24
791 16 25
792 15 26
793 16 26
794 15 27
795 14 28
796 13 29
797 12 30
798 11 31
799 10 32
800 9 33
801 8 1
802 7 2
803 6 3
804 5 4
805 4 5
806 3 6
807 2 7
808 1 8
809 33 9
810 32 10
811 31 11
812 30 12
813 29 13
814 28 14
815 27 15
816 26 16
817 25 17
818 24 18
819 23 19
820 22 20
821 21 21
822 20 22
823 19 23
824 18 24
825 17 25
826 18 25
827 17 26
828 16 27
829 15 28
830 14 29
831 13 30
832 12 31
833 11 32
834 10 33
835 9 1
836 8 2
837 7 3
838 6 4
839 5 5
840 4 6
841 3 7
842 2 8
843 1 9
844 33 10
845 32 11
846 31 12
847 30 13
848 29 14
849 28 15
850 27 16
851 26 17
852 25 18
853 24 19
854 23 20
855 22 21
856 21 22
857 20 23
858 19 24
859 20 24
860 19 25
861 18 26
862 17 27
863 16 28
864 15 29
865 14 30
866 13 31
867 12 32
868 11 33
869 10 1
870 9 2
871 8 3
872 7 4
873 6 5
874 5 6
875 4 7
876 3 8
877 2 9
878 1 10
879 33 11
880 32 12
881 31 13
882 30 14
883 29 15
884 28 16
885 27 17
886 26 18
887 25 19
888 24 20
889 23 21
890 22 22
891 21 23
892 22 23
893 21 24
894 20 25
895 19 26
896 18 27
897 17 28
898 16 29
899 15 30
900 14 31
901 13 32
902 12 33
903 11 1
904 10 2
905 9 3
906 8 4
907 7 5
908 6 6
909 5 7
910 4 8
911 3 9
912 2 10
913 1 11
914 33 12
915 32 13
916 31 14
917 30 15
918 29 16
919 28 17
920 27 18
921 26 19
922 25 20
923 24 21
924 23 22
925 24 22
926 23 23
927 22 24
928 21 25
929 20 26
930 19 27
931 18 28
932 17 29
933 16 30
934 15 31
935 14 32
936 13 33
937 12 1
938 11 2
939 10 3
940 9 4
941 8 5
942 7 6
943 6 7
944 5 8
945 4 9
946 3 10
947 2 11
948 1 12
949 33 13
950 32 14
951 31 15
952 30 16
953 29 17
954 28 18
955 27 19
956 26 20
957 25 21
958 26 21
959 25 22
960 24 23
961 23 24
962 22 25
963 21 26
964 20 27
965 19 28
966 18 29
967 17 30
968 16 31
969 15 32
970 14 33
971 13 1
972 12 2
973 11 3
974 10 4
975 9 5
976 8 6
977 7 7
978 6 8
979 5 9
980 4 10
981 3 11
982 2 12
983 1 13
984 33 14
985 32 15
986 31 16
987 30 17
988 29 18
989 28 19
990 27 20
991 28 20
992 27 21
993 26 22
994 25 23
995 24 24
996 23 25
997 22 26
998 21 27
999 20 28
1000 19 29
1001 18 30
1002 17 31
1003 16 32
1004 15 33
1005 14 1
1006 13 2
1007 12 3
1008 11 4
1009 10 5
1010 9 6
1011 8 7
1012 7 8
1013 6 9
1014 5 10
1015 4 11
1016 3 12
1017 2 13
1018 1 14
1019 33 15
1020 32 16
1021 31 17
1022 30 18
1023 29 19
1024 30 19
1025 29 20
1026 28 21
1027 27 22
1028 26 23
1029 25 24
1030 24 25
1031 23 26
1032 22 27
1033 21 28
1034 20 29
1035 19 30
1036 18 31
1037 17 32
1038 16 33
1039 15 1
1040 14 2
1041 13 3
1042 12 4
1043 11 5
1044 10 6
1045 9 7
1046 8 8
1047 7 9
1048 6 10
1049 5 11
1050 4 12
1051 3 13
1052 2 14
1053 1 15
1054 33 16
1055 32 17
1056 31 18
1057 32 18
1058 31 19
1059 30 20
1060 29 21
1061 28 22
1062 27 23
1063 26 24
1064 25 25
1065 24 26
1066 23 27
1067 22 28
1068 21 29
1069 20 30
1070 19 31
1071 18 32
1072 17 33
1073 16 1
1074 15 2
1075 14 3
1076 13 4
1077 12 5
1078 11 6
1079 10 7
1080 9 8
1081 8 9
1082 7 10
1083 6 11
1084 5 12
1085 4 13
1086 3 14
1087 2 15
1088 1 16
1089 33 17
563 598 633 668 703 738 773 808 843 878 913 948 983 1018 1053 1088 1 36 71 106 141 176 211 246 281 316 351 386 421 456 491 526 561 
597 632 667 702 737 772 807 842 877 912 947 982 1017 1052 1087 33 35 70 105 140 175 210 245 280 315 350 385 420 455 490 525 560 562 
631 666 701 736 771 806 841 876 911 946 981 1016 1051 1086 32 34 69 104 139 174 209 244 279 314 349 384 419 454 489 524 559 594 596 
665 700 735 770 805 840 875 910 945 980 1015 1050 1085 31 66 68 103 138 173 208 243 278 313 348 383 418 453 488 523 558 593 595 630 
699 734 769 804 839 874 909 944 979 1014 1049 1084 30 65 67 102 137 172 207 242 277 312 347 382 417 452 487 522 557 592 627 629 664 
733 768 803 838 873 908 943 978 1013 1048 1083 29 64 99 101 136 171 206 241 276 311 346 381 416 451 486 521 556 591 626 628 663 698 
767 802 837 872 907 942 977 1012 1047 1082 28 63 98 100 135 170 205 240 275 310 345 380 415 450 485 520 555 590 625 660 662 697 732 
801 836 871 906 941 976 1011 1046 1081 27 62 97 132 134 169 204 239 274 309 344 379 414 449 484 519 554 589 624 659 661 696 731 766 
835 870 905 940 975 1010 1045 1080 26 61 96 131 133 168 203 238 273 308 343 378 413 448 483 518 553 588 623 658 693 695 730 765 800 
869 904 939 974 1009 1044 1079 25 60 95 130 165 167 202 237 272 307 342 377 412 447 482 517 552 587 622 657 692 694 729 764 799 834 
903 938 973 1008 1043 1078 24 59 94 129 164 166 201 236 271 306 341 376 411 446 481 516 551 586 621 656 691 726 728 763 798 833 868 
937 972 1007 1042 1077 23 58 93 128 163 198 200 235 270 305 340 375 410 445 480 515 550 585 620 655 690 725 727 762 797 832 867 902 
971 1006 1041 1076 22 57 92 127 162 197 199 234 269 304 339 374 409 444 479 514 549 584 619 654 689 724 759 761 796 831 866 901 936 
1005 1040 1075 21 56 91 126 161 196 231 233 268 303 338 373 408 443 478 513 548 583 618 653 688 723 758 760 795 830 865 900 935 970 
1039 1074 20 55 90 125 160 195 230 232 267 302 337 372 407 442 477 512 547 582 617 652 687 722 757 792 794 829 864 899 934 969 1004 
1073 19 54 89 124 159 194 229 264 266 301 336 371 406 441 476 511 546 581 616 651 686 721 756 791 793 828 863 898 933 968 1003 1038 
18 53 88 123 158 193 228 263 265 300 335 370 405 440 475 510 545 580 615 650 685 720 755 790 825 827 862 897 932 967 1002 1037 1072 
52 87 122 157 192 227 262 297 299 334 369 404 439 474 509 544 579 614 649 684 719 754 789 824 826 861 896 931 966 1001 1036 1071 17 
86 121 156 191 226 261 296 298 333 368 403 438 473 508 543 578 613 648 683 718 753 788 823 858 860 895 930 965 1000 1035 1070 16 51 
120 155 190 225 260 295 330 332 367 402 437 472 507 542 577 612 647 682 717 752 787 822 857 859 894 929 964 999 1034 1069 15 50 85 
154 189 224 259 294 329 331 366 401 436 471 506 541 576 611 646 681 716 751 786 821 856 891 893 928 963 998 1033 1068 14 49 84 119 
188 223 258 293 328 363 365 400 435 470 505 540 575 610 645 680 715 750 785 820 855 890 892 927 962 997 1032 1067 13 48 83 118 153 
222 257 292 327 362 364 399 434 469 504 539 574 609 644 679 714 749 784 819 854 889 924 926 961 996 1031 1066 12 47 82 117 152 187 
256 291 326 361 396 398 433 468 503 538 573 608 643 678 713 748 783 818 853 888 923 925 960 995 1030 1065 11 46 81 116 151 186 221 
290 325 360 395 397 432 467 502 537 572 607 642 677 712 747 782 817 852 887 922 957 959 994 1029 1064 10 45 80 115 150 185 220 255 
324 359 394 429 431 466 501 536 571 606 641 676 711 746 781 816 851 886 921 956 958 993 1028 1063 9 44 79 114 149 184 219 254 289 
358 393 428 430 465 500 535 570 605 640 675 710 745 780 815 850 885 920 955 990 992 1027 1062 8 43 78 113 148 183 218 253 288 323 
392 427 462 464 499 534 569 604 639 674 709 744 779 814 849 884 919 954 989 991 1026 1061 7 42 77 112 147 182 217 252 287 322 357 
426 461 463 498 533 568 603 638 673 708 743 778 813 848 883 918 953 988 1023 1025 1060 6 41 76 111 146 181 216 251 286 321 356 391 
460 495 497 532 567 602 637 672 707 742 777 812 847 882 917 952 987 1022 1024 1059 5 40 75 110 145 180 215 250 285 320 355 390 425 
494 496 531 566 601 636 671 706 741 776 811 846 881 916 951 986 1021 1056 1058 4 39 74 109 144 179 214 249 284 319 354 389 424 459 
528 530 565 600 635 670 705 740 775 810 845 880 915 950 985 1020 1055 1057 3 38 73 108 143 178 213 248 283 318 353 388 423 458 493 
529 564 599 634 669 704 739 774 809 844 879 914 949 984 1019 1054 1089 2 37 72 107 142 177 212 247 282 317 352 387 422 457 492 527 
